<?xml version="1.0" encoding="UTF-8"?>
<!-- Generated by org.testng.reporters.JUnitReportReporter -->
<testsuite skipped="0" hostname="Prasanth" name="scripts.TestValidLogin" tests="1" failures="0" timestamp="19 Feb 2018 09:21:11 GMT" time="27.283" errors="0">
  <testcase name="testValidLogin" time="27.283" classname="scripts.TestValidLogin"/>
</testsuite> <!-- scripts.TestValidLogin -->
