<?xml version="1.0" encoding="UTF-8"?>
<!-- Generated by org.testng.reporters.JUnitReportReporter -->
<testsuite skipped="0" hostname="Prasanth" name="scripts.TestInvalidLogin" tests="1" failures="0" timestamp="19 Feb 2018 09:21:11 GMT" time="29.311" errors="0">
  <testcase name="testInValidLogin" time="29.311" classname="scripts.TestInvalidLogin"/>
</testsuite> <!-- scripts.TestInvalidLogin -->
